27/12/2021 09:13:33
File is not Empty
right before send
prepare message
27/12/2021 09:15:02
File is Empty
end of code
27/12/2021 09:45:01
File is Empty
end of code
27/12/2021 10:15:02
File is Empty
end of code
27/12/2021 10:44:45
File is Empty
end of code
27/12/2021 10:45:01
File is Empty
end of code
27/12/2021 11:15:01
File is Empty
end of code
27/12/2021 11:45:01
File is Empty
end of code
27/12/2021 12:15:01
File is Empty
end of code
27/12/2021 12:45:01
File is Empty
end of code
27/12/2021 13:15:01
File is Empty
end of code
27/12/2021 13:45:01
File is Empty
end of code
27/12/2021 14:15:02
File is Empty
end of code
27/12/2021 14:37:02
File is not Empty
right before send
prepare message
send message
made it through element presence !
send message
made it through element presence !
right before send
prepare message
send message
made it through element presence !
send message
made it through element presence !
27/12/2021 14:45:02
File is Empty
end of code
27/12/2021 15:15:01
File is Empty
end of code
27/12/2021 15:45:01
File is not Empty
right before send
prepare message
send message
made it through element presence !
right before send
prepare message
send message
made it through element presence !
27/12/2021 16:15:02
File is Empty
end of code
27/12/2021 16:45:01
File is Empty
end of code
27/12/2021 17:15:01
File is Empty
end of code
27/12/2021 17:45:02
File is Empty
end of code
27/12/2021 18:15:01
File is Empty
end of code
27/12/2021 18:45:02
File is not Empty
right before send
prepare message
send message
made it through element presence !
right before send
prepare message
send message
made it through element presence !
27/12/2021 19:15:01
File is Empty
end of code
27/12/2021 19:45:02
File is not Empty
right before send
prepare message
send message
made it through element presence !
right before send
prepare message
send message
made it through element presence !
27/12/2021 20:15:02
File is Empty
end of code
27/12/2021 20:45:07
File is Empty
end of code
27/12/2021 21:15:02
File is Empty
end of code
27/12/2021 21:45:07
File is Empty
end of code
27/12/2021 22:15:02
File is Empty
end of code
27/12/2021 22:45:07
File is Empty
end of code
27/12/2021 23:15:02
File is Empty
end of code
27/12/2021 23:45:06
File is not Empty
right before send
prepare message
send message
made it through element presence !
right before send
prepare message
send message
made it through element presence !
28/12/2021 00:15:07
File is Empty
end of code
28/12/2021 00:45:07
File is not Empty
right before send
prepare message
send message
made it through element presence !
right before send
prepare message
send message
made it through element presence !
28/12/2021 01:15:02
File is Empty
end of code
28/12/2021 01:45:07
File is Empty
end of code
28/12/2021 02:15:01
File is Empty
end of code
28/12/2021 02:45:07
File is Empty
end of code
28/12/2021 03:15:02
File is Empty
end of code
28/12/2021 03:45:07
File is Empty
end of code
28/12/2021 04:15:02
File is Empty
end of code
28/12/2021 04:45:07
File is Empty
end of code
28/12/2021 05:15:02
File is Empty
end of code
28/12/2021 05:45:10
File is Empty
end of code
28/12/2021 06:15:02
File is Empty
end of code
28/12/2021 06:45:07
File is Empty
end of code
28/12/2021 07:15:02
File is Empty
end of code
28/12/2021 07:45:07
File is Empty
end of code
28/12/2021 08:15:02
File is Empty
end of code
28/12/2021 08:45:07
File is Empty
end of code
28/12/2021 09:15:02
File is Empty
end of code
28/12/2021 09:45:02
File is Empty
end of code
28/12/2021 10:15:02
File is Empty
end of code
28/12/2021 10:45:07
File is Empty
end of code
28/12/2021 11:15:02
File is Empty
end of code
28/12/2021 11:45:07
File is Empty
end of code
28/12/2021 12:15:02
File is Empty
end of code
28/12/2021 12:45:06
File is Empty
end of code
28/12/2021 13:15:02
File is Empty
end of code
28/12/2021 13:45:06
File is Empty
end of code
28/12/2021 14:15:02
File is Empty
end of code
28/12/2021 14:45:06
File is not Empty
right before send
prepare message
send message
made it through element presence !
send message
made it through element presence !
send message
made it through element presence !
right before send
prepare message
send message
made it through element presence !
send message
made it through element presence !
send message
made it through element presence !
28/12/2021 15:15:07
File is Empty
end of code
28/12/2021 15:45:07
File is not Empty
right before send
prepare message
send message
made it through element presence !
send message
made it through element presence !
right before send
prepare message
send message
made it through element presence !
send message
made it through element presence !
28/12/2021 16:15:02
File is Empty
end of code
28/12/2021 16:45:07
File is Empty
end of code
28/12/2021 17:15:02
File is Empty
end of code
28/12/2021 17:45:05
File is not Empty
right before send
prepare message
send message
made it through element presence !
right before send
prepare message
send message
made it through element presence !
28/12/2021 18:15:02
File is Empty
end of code
28/12/2021 18:45:02
File is Empty
end of code
28/12/2021 19:15:02
File is Empty
end of code
28/12/2021 19:45:07
File is Empty
end of code
28/12/2021 20:15:02
File is Empty
end of code
28/12/2021 20:45:08
File is not Empty
right before send
prepare message
send message
made it through element presence !
right before send
prepare message
send message
made it through element presence !
28/12/2021 21:15:15
File is Empty
end of code
28/12/2021 21:45:06
File is Empty
end of code
28/12/2021 22:15:01
File is Empty
end of code
28/12/2021 22:45:06
File is Empty
end of code
28/12/2021 23:15:01
File is Empty
end of code
28/12/2021 23:45:06
File is Empty
end of code
29/12/2021 00:15:04
File is Empty
end of code
29/12/2021 00:45:06
File is Empty
end of code
29/12/2021 01:15:01
File is Empty
end of code
29/12/2021 01:45:06
File is Empty
end of code
29/12/2021 02:15:01
File is Empty
end of code
29/12/2021 02:45:08
File is Empty
end of code
29/12/2021 03:15:01
File is Empty
end of code
29/12/2021 03:45:08
File is Empty
end of code
29/12/2021 04:15:07
File is Empty
end of code
29/12/2021 04:45:06
File is Empty
end of code
29/12/2021 05:15:01
File is Empty
end of code
29/12/2021 05:45:06
File is Empty
end of code
29/12/2021 06:15:01
File is Empty
end of code
29/12/2021 06:45:06
File is Empty
end of code
29/12/2021 07:15:01
File is Empty
end of code
29/12/2021 07:45:06
File is Empty
end of code
29/12/2021 08:15:01
File is Empty
end of code
29/12/2021 08:45:06
File is Empty
end of code
29/12/2021 09:15:02
File is Empty
end of code
29/12/2021 09:45:06
File is Empty
end of code
29/12/2021 10:15:01
File is Empty
end of code
29/12/2021 10:45:06
File is Empty
end of code
29/12/2021 11:15:01
File is Empty
end of code
29/12/2021 11:45:07
File is Empty
end of code
29/12/2021 12:15:01
File is Empty
end of code
29/12/2021 12:45:05
File is Empty
end of code
29/12/2021 13:15:02
File is Empty
end of code
29/12/2021 13:45:06
File is Empty
end of code
29/12/2021 14:15:01
File is Empty
end of code
29/12/2021 14:45:06
File is Empty
end of code
29/12/2021 15:15:01
File is Empty
end of code
29/12/2021 15:45:08
File is Empty
end of code
29/12/2021 16:15:01
File is Empty
end of code
29/12/2021 16:45:07
File is Empty
end of code
29/12/2021 17:15:01
File is Empty
end of code
29/12/2021 17:45:06
File is Empty
end of code
29/12/2021 18:15:02
File is Empty
end of code
29/12/2021 18:45:08
File is not Empty
right before send
prepare message
send message
made it through element presence !
right before send
prepare message
send message
made it through element presence !
29/12/2021 19:15:22
File is Empty
end of code
29/12/2021 19:45:06
File is Empty
end of code
29/12/2021 20:15:01
File is Empty
end of code
29/12/2021 20:45:06
File is Empty
end of code
29/12/2021 21:15:01
File is Empty
end of code
29/12/2021 21:45:07
File is Empty
end of code
29/12/2021 22:15:01
File is Empty
end of code
29/12/2021 22:45:06
File is Empty
end of code
29/12/2021 23:15:02
File is Empty
end of code
29/12/2021 23:45:06
File is Empty
end of code
30/12/2021 00:15:02
File is Empty
end of code
30/12/2021 00:45:06
File is Empty
end of code
30/12/2021 01:15:01
File is Empty
end of code
30/12/2021 01:45:06
File is Empty
end of code
30/12/2021 02:15:01
File is Empty
end of code
30/12/2021 02:45:07
File is Empty
end of code
30/12/2021 03:15:01
File is Empty
end of code
30/12/2021 03:45:07
File is Empty
end of code
30/12/2021 04:15:01
File is Empty
end of code
30/12/2021 04:45:06
File is Empty
end of code
30/12/2021 05:15:01
File is Empty
end of code
30/12/2021 05:45:07
File is Empty
end of code
30/12/2021 06:15:02
File is Empty
end of code
30/12/2021 06:45:06
File is Empty
end of code
30/12/2021 07:15:01
File is Empty
end of code
30/12/2021 07:45:06
File is Empty
end of code
30/12/2021 08:15:01
File is Empty
end of code
30/12/2021 08:45:07
File is Empty
end of code
30/12/2021 09:15:01
File is Empty
end of code
30/12/2021 09:45:07
File is not Empty
right before send
prepare message
send message
made it through element presence !
right before send
prepare message
send message
made it through element presence !
30/12/2021 10:15:05
File is Empty
end of code
30/12/2021 10:45:08
File is not Empty
right before send
prepare message
send message
made it through element presence !
send message
made it through element presence !
send message
made it through element presence !
right before send
prepare message
send message
made it through element presence !
send message
made it through element presence !
send message
made it through element presence !
30/12/2021 11:15:01
File is Empty
end of code
30/12/2021 11:45:06
File is not Empty
right before send
prepare message
send message
made it through element presence !
right before send
prepare message
send message
made it through element presence !
30/12/2021 12:15:07
File is Empty
end of code
30/12/2021 12:45:06
File is not Empty
right before send
prepare message
send message
made it through element presence !
right before send
prepare message
send message
made it through element presence !
30/12/2021 13:15:06
File is Empty
end of code
30/12/2021 13:45:06
File is not Empty
right before send
prepare message
send message
made it through element presence !
right before send
prepare message
send message
made it through element presence !
30/12/2021 14:15:06
File is Empty
end of code
30/12/2021 14:45:06
File is Empty
end of code
30/12/2021 15:15:01
File is Empty
end of code
30/12/2021 15:45:07
File is Empty
end of code
30/12/2021 16:15:09
File is Empty
end of code
30/12/2021 16:45:07
File is Empty
end of code
30/12/2021 17:15:01
File is Empty
end of code
30/12/2021 17:45:07
File is Empty
end of code
30/12/2021 18:15:08
File is Empty
end of code
30/12/2021 18:45:02
File is not Empty
right before send
prepare message
send message
made it through element presence !
send message
made it through element presence !
right before send
prepare message
send message
made it through element presence !
send message
made it through element presence !
30/12/2021 19:15:12
File is Empty
end of code
30/12/2021 19:45:06
File is Empty
end of code
30/12/2021 20:15:01
File is Empty
end of code
30/12/2021 20:45:06
File is Empty
end of code
30/12/2021 21:15:01
File is Empty
end of code
30/12/2021 21:45:07
File is Empty
end of code
30/12/2021 22:15:01
File is Empty
end of code
30/12/2021 22:45:07
File is Empty
end of code
30/12/2021 23:15:01
File is Empty
end of code
30/12/2021 23:45:06
File is Empty
end of code
31/12/2021 00:15:06
File is Empty
end of code
31/12/2021 00:45:06
File is Empty
end of code
31/12/2021 01:15:15
File is Empty
end of code
31/12/2021 01:45:06
File is Empty
end of code
31/12/2021 02:15:02
File is Empty
end of code
31/12/2021 02:45:12
File is Empty
end of code
31/12/2021 03:15:02
File is Empty
end of code
31/12/2021 03:45:07
File is Empty
end of code
31/12/2021 04:15:02
File is Empty
end of code
31/12/2021 04:45:08
File is Empty
end of code
31/12/2021 05:15:07
File is Empty
end of code
31/12/2021 05:45:07
File is Empty
end of code
31/12/2021 06:15:02
File is Empty
end of code
31/12/2021 06:45:06
File is Empty
end of code
31/12/2021 07:15:02
File is Empty
end of code
31/12/2021 07:45:06
File is Empty
end of code
31/12/2021 08:15:02
File is Empty
end of code
31/12/2021 08:45:06
File is Empty
end of code
31/12/2021 09:15:02
File is Empty
end of code
31/12/2021 09:45:02
File is Empty
end of code
31/12/2021 10:15:03
File is Empty
end of code
31/12/2021 10:45:07
File is not Empty
right before send
prepare message
send message
made it through element presence !
right before send
prepare message
send message
made it through element presence !
31/12/2021 11:15:05
File is Empty
end of code
31/12/2021 11:45:07
File is Empty
end of code
31/12/2021 12:15:02
File is Empty
end of code
31/12/2021 12:45:04
File is Empty
end of code
31/12/2021 13:15:02
File is Empty
end of code
31/12/2021 13:45:07
File is Empty
end of code
31/12/2021 14:15:02
File is Empty
end of code
31/12/2021 14:45:08
File is Empty
end of code
31/12/2021 15:15:02
File is Empty
end of code
31/12/2021 15:45:09
File is Empty
end of code
31/12/2021 16:15:02
File is Empty
end of code
31/12/2021 16:45:08
File is Empty
end of code
31/12/2021 17:15:02
File is Empty
end of code
31/12/2021 17:45:05
File is Empty
end of code
31/12/2021 18:15:02
File is Empty
end of code
31/12/2021 18:45:08
File is Empty
end of code
31/12/2021 19:15:02
File is Empty
end of code
31/12/2021 19:45:07
File is Empty
end of code
31/12/2021 20:15:02
File is Empty
end of code
31/12/2021 20:45:10
File is Empty
end of code
31/12/2021 21:15:02
File is Empty
end of code
31/12/2021 21:45:10
File is Empty
end of code
31/12/2021 22:15:02
File is Empty
end of code
31/12/2021 22:45:09
File is Empty
end of code
31/12/2021 23:15:14
File is Empty
end of code
31/12/2021 23:45:06
File is Empty
end of code
01/01/2022 00:15:01
File is Empty
end of code
01/01/2022 00:45:01
File is Empty
end of code
01/01/2022 01:15:01
File is Empty
end of code
01/01/2022 01:45:01
File is Empty
end of code
01/01/2022 02:15:01
File is Empty
end of code
01/01/2022 02:45:06
File is Empty
end of code
01/01/2022 03:15:01
File is Empty
end of code
01/01/2022 03:45:07
File is Empty
end of code
01/01/2022 04:15:01
File is Empty
end of code
01/01/2022 04:45:06
File is Empty
end of code
01/01/2022 05:15:01
File is Empty
end of code
01/01/2022 05:45:06
File is Empty
end of code
01/01/2022 06:15:02
File is Empty
end of code
01/01/2022 06:45:06
File is Empty
end of code
01/01/2022 07:15:04
File is Empty
end of code
01/01/2022 07:45:06
File is Empty
end of code
01/01/2022 08:15:01
File is Empty
end of code
01/01/2022 08:45:06
File is Empty
end of code
01/01/2022 09:15:01
File is Empty
end of code
01/01/2022 09:45:06
File is Empty
end of code
01/01/2022 10:15:01
File is Empty
end of code
01/01/2022 10:45:07
File is Empty
end of code
01/01/2022 11:15:01
File is Empty
end of code
01/01/2022 11:45:07
File is Empty
end of code
01/01/2022 12:15:01
File is Empty
end of code
01/01/2022 12:45:07
File is Empty
end of code
01/01/2022 13:15:02
File is Empty
end of code
01/01/2022 13:45:06
File is Empty
end of code
01/01/2022 14:15:02
File is Empty
end of code
01/01/2022 14:45:06
File is Empty
end of code
01/01/2022 15:15:02
File is Empty
end of code
01/01/2022 15:45:01
File is Empty
end of code
01/01/2022 16:15:01
File is Empty
end of code
01/01/2022 16:45:11
File is Empty
end of code
01/01/2022 17:15:01
File is Empty
end of code
01/01/2022 17:45:09
File is Empty
end of code
01/01/2022 18:15:01
File is Empty
end of code
01/01/2022 18:45:01
File is Empty
end of code
01/01/2022 19:15:01
File is Empty
end of code
01/01/2022 19:45:07
File is not Empty
right before send
prepare message
send message
01/01/2022 20:15:01
File is not Empty
right before send
prepare message
send message
01/01/2022 20:45:11
File is Empty
end of code
01/01/2022 21:15:01
File is Empty
end of code
01/01/2022 21:45:14
File is Empty
end of code
01/01/2022 22:15:01
File is Empty
end of code
01/01/2022 22:45:07
File is Empty
end of code
01/01/2022 23:15:02
File is Empty
end of code
01/01/2022 23:45:06
File is Empty
end of code
02/01/2022 00:15:01
File is Empty
end of code
02/01/2022 00:45:07
File is Empty
end of code
02/01/2022 01:15:01
File is Empty
end of code
02/01/2022 01:45:06
File is Empty
end of code
02/01/2022 02:15:01
File is Empty
end of code
02/01/2022 02:45:08
File is Empty
end of code
02/01/2022 03:15:01
File is Empty
end of code
02/01/2022 03:45:08
File is Empty
end of code
02/01/2022 04:15:01
File is Empty
end of code
02/01/2022 04:45:07
File is Empty
end of code
02/01/2022 05:15:02
File is Empty
end of code
02/01/2022 05:45:06
File is Empty
end of code
02/01/2022 06:15:01
File is Empty
end of code
02/01/2022 06:45:07
File is Empty
end of code
02/01/2022 07:15:01
File is Empty
end of code
02/01/2022 07:45:01
File is Empty
end of code
02/01/2022 08:15:01
File is Empty
end of code
02/01/2022 08:45:07
File is Empty
end of code
02/01/2022 09:15:01
File is Empty
end of code
02/01/2022 09:45:07
File is Empty
end of code
02/01/2022 10:15:01
File is Empty
end of code
02/01/2022 10:45:06
File is Empty
end of code
02/01/2022 11:15:06
File is Empty
end of code
02/01/2022 11:45:07
File is Empty
end of code
02/01/2022 12:15:01
File is Empty
end of code
02/01/2022 12:45:07
File is Empty
end of code
02/01/2022 13:15:01
File is Empty
end of code
02/01/2022 13:45:01
File is Empty
end of code
02/01/2022 14:15:01
File is Empty
end of code
02/01/2022 14:45:06
File is not Empty
right before send
prepare message
send message
02/01/2022 15:15:02
File is not Empty
right before send
prepare message
send message
02/01/2022 15:45:07
File is Empty
end of code
02/01/2022 16:15:02
File is Empty
end of code
02/01/2022 16:45:10
File is Empty
end of code
02/01/2022 17:15:01
File is Empty
end of code
02/01/2022 17:45:07
File is Empty
end of code
02/01/2022 18:15:01
File is Empty
end of code
02/01/2022 18:45:09
File is Empty
end of code
02/01/2022 19:15:02
File is Empty
end of code
02/01/2022 19:45:07
File is Empty
end of code
02/01/2022 20:15:02
File is Empty
end of code
02/01/2022 20:45:08
File is Empty
end of code
02/01/2022 21:15:03
File is Empty
end of code
02/01/2022 21:45:08
File is Empty
end of code
02/01/2022 22:15:02
File is Empty
end of code
02/01/2022 22:45:06
File is Empty
end of code
02/01/2022 23:15:02
File is Empty
end of code
02/01/2022 23:45:07
File is Empty
end of code
03/01/2022 00:15:02
File is Empty
end of code
03/01/2022 00:45:07
File is Empty
end of code
03/01/2022 01:15:02
File is Empty
end of code
03/01/2022 01:45:07
File is Empty
end of code
03/01/2022 02:15:02
File is Empty
end of code
03/01/2022 02:45:07
File is Empty
end of code
03/01/2022 03:15:02
File is Empty
end of code
03/01/2022 03:45:07
File is Empty
end of code
03/01/2022 04:15:02
File is Empty
end of code
03/01/2022 04:45:09
File is Empty
end of code
03/01/2022 05:15:02
File is Empty
end of code
03/01/2022 05:45:07
File is Empty
end of code
03/01/2022 06:15:02
File is Empty
end of code
03/01/2022 06:45:07
File is Empty
end of code
03/01/2022 07:15:02
File is Empty
end of code
03/01/2022 07:45:08
File is Empty
end of code
03/01/2022 08:15:02
File is Empty
end of code
03/01/2022 08:45:08
File is Empty
end of code
03/01/2022 08:50:40
File is Empty
end of code
03/01/2022 09:15:02
File is Empty
end of code
03/01/2022 09:30:13
File is not Empty
right before send
prepare message
send message
03/01/2022 09:39:58
File is not Empty
right before send
prepare message
send message
made it through element presence !
send message
made it through element presence !
send message
made it through element presence !
send message
made it through element presence !
right before send
prepare message
03/01/2022 09:44:08
File is not Empty
right before send
prepare message
03/01/2022 09:45:02
File is not Empty
right before send
prepare message
03/01/2022 09:48:39
File is not Empty
right before send
prepare message
send message
made it through element presence !
send message
made it through element presence !
send message
made it through element presence !
send message
made it through element presence !
03/01/2022 09:55:16
File is Empty
end of code
03/01/2022 09:55:30
File is Empty
end of code
03/01/2022 09:56:02
File is not Empty
right before send
prepare message
send message
made it through element presence !
03/01/2022 10:00:33
File is Empty
end of code
03/01/2022 10:02:24
File is not Empty
right before send
03/01/2022 10:25:51
File is not Empty
right before send
prepare message
send message
element presence
made it through element presence !
made it through element presence !
03/01/2022 10:27:37
File is Empty
end of code
03/01/2022 10:28:09
File is Empty
end of code
