File is not Empty
http://localhost:61548
ebed10277909adf64e2b82a40f2c2a1d
right before send
prepare message
send message
element presence
made it through element presence !
send message
element presence
File is not Empty
http://localhost:61612
416638de097fc66b593dea1c5602c31f
right before send
prepare message
send message
element presence
made it through element presence !
send message
element presence
made it through element presence !
send message
element presence
made it through element presence !
send message
element presence
made it through element presence !
send message
element presence
made it through element presence !
send message
element presence
made it through element presence !
File is not Empty
http://localhost:61963
462094529bdb9d0af7c534fa12969323
right before send
prepare message
send message
element presence
made it through element presence !
send message
element presence
made it through element presence !
send message
element presence
made it through element presence !
send message
element presence
made it through element presence !
send message
element presence
made it through element presence !
send message
element presence
made it through element presence !
File is not Empty
http://localhost:63379
89d133fb5a44eff8503bc542d3094b56
right before send
prepare message
send message
element presence
made it through element presence !
File is not Empty
http://localhost:52996
b96d7d2ca0060350659cbc0e8b792760
right before send
prepare message
send message
element presence
File is not Empty
http://localhost:53085
728feffd8a7f1be319c2c2eeca19b2bf
right before send
prepare message
send message
File is not Empty
http://localhost:53105
8f5e2edb0e406d206f82fc4ece3ecb7e
right before send
prepare message
send message
element presence
made it through element presence !
File is not Empty
http://localhost:53150
8422f4d0b19863f38c7f563a2dba9bf6
right before send
prepare message
send message
element presence
made it through element presence !
File is not Empty
http://localhost:53225
5cd3f8c976ef38b6c4399be455cc7bde
right before send
prepare message
send message
element presence
made it through element presence !
right before send
prepare message
send message
element presence
made it through element presence !
File is not Empty
http://localhost:53392
410e5c9171fffee3a0ad54cc3e4ab149
right before send
prepare message
send message
element presence
made it through element presence !
right before send
prepare message
File is not Empty
http://localhost:53465
096bcb092652994fcab7f1745e16fe14
right before send
prepare message
send message
element presence
made it through element presence !
File is not Empty
http://localhost:54152
b1ab4b8cd377bf33fe93be795553ecd5
right before send
prepare message
